Flow report for wrapper
Mon May  5 19:35:20 2025
Quartus Prime Version 21.1.1 Build 850 06/23/2022 SJ Standard Edition


---------------------
; Table of Contents ;
---------------------
  1. Legal Notice
  2. Flow Summary
  3. Flow Settings
  4. Flow Non-Default Global Settings
  5. Flow Elapsed Time
  6. Flow OS Summary
  7. Flow Log
  8. Flow Messages
  9. Flow Suppressed Messages



----------------
; Legal Notice ;
----------------
Copyright (C) 2022  Intel Corporation. All rights reserved.
Your use of Intel Corporation's design tools, logic functions 
and other software and tools, and any partner logic 
functions, and any output files from any of the foregoing 
(including device programming or simulation files), and any 
associated documentation or information are expressly subject 
to the terms and conditions of the Intel Program License 
Subscription Agreement, the Intel Quartus Prime License Agreement,
the Intel FPGA IP License Agreement, or other applicable license
agreement, including, without limitation, that your use is for
the sole purpose of programming logic devices manufactured by
Intel and sold by Intel or its authorized distributors.  Please
refer to the applicable agreement for further details, at
https://fpgasoftware.intel.com/eula.



+--------------------------------------------------------------------------------------+
; Flow Summary                                                                         ;
+------------------------------------+-------------------------------------------------+
; Flow Status                        ; Successful - Mon May  5 19:35:16 2025           ;
; Quartus Prime Version              ; 21.1.1 Build 850 06/23/2022 SJ Standard Edition ;
; Revision Name                      ; wrapper                                         ;
; Top-level Entity Name              ; wrapper                                         ;
; Family                             ; Cyclone IV E                                    ;
; Device                             ; EP4CE115F29C7                                   ;
; Timing Models                      ; Final                                           ;
; Total logic elements               ; 543 / 114,480 ( < 1 % )                         ;
;     Total combinational functions  ; 501 / 114,480 ( < 1 % )                         ;
;     Dedicated logic registers      ; 377 / 114,480 ( < 1 % )                         ;
; Total registers                    ; 377                                             ;
; Total pins                         ; 84 / 529 ( 16 % )                               ;
; Total virtual pins                 ; 0                                               ;
; Total memory bits                  ; 0 / 3,981,312 ( 0 % )                           ;
; Embedded Multiplier 9-bit elements ; 0 / 532 ( 0 % )                                 ;
; Total PLLs                         ; 0 / 4 ( 0 % )                                   ;
+------------------------------------+-------------------------------------------------+


+-----------------------------------------+
; Flow Settings                           ;
+-------------------+---------------------+
; Option            ; Setting             ;
+-------------------+---------------------+
; Start date & time ; 05/05/2025 19:34:51 ;
; Main task         ; Compilation         ;
; Revision Name     ; wrapper             ;
+-------------------+---------------------+


+-------------------------------------------------------------------------------------------------------------------------+
; Flow Non-Default Global Settings                                                                                        ;
+-------------------------------------+----------------------------------------+---------------+-------------+------------+
; Assignment Name                     ; Value                                  ; Default Value ; Entity Name ; Section Id ;
+-------------------------------------+----------------------------------------+---------------+-------------+------------+
; COMPILER_SIGNATURE_ID               ; 118933448487107.174648809110142        ; --            ; --          ; --         ;
; MAX_CORE_JUNCTION_TEMP              ; 85                                     ; --            ; --          ; --         ;
; MIN_CORE_JUNCTION_TEMP              ; 0                                      ; --            ; --          ; --         ;
; NOMINAL_CORE_SUPPLY_VOLTAGE         ; 1.2V                                   ; --            ; --          ; --         ;
; PARTITION_COLOR                     ; -- (Not supported for targeted family) ; --            ; --          ; Top        ;
; PARTITION_FITTER_PRESERVATION_LEVEL ; -- (Not supported for targeted family) ; --            ; --          ; Top        ;
; PARTITION_NETLIST_TYPE              ; -- (Not supported for targeted family) ; --            ; --          ; Top        ;
; PROJECT_OUTPUT_DIRECTORY            ; output_files                           ; --            ; --          ; --         ;
+-------------------------------------+----------------------------------------+---------------+-------------+------------+


+--------------------------------------------------------------------------------------------------------------------------+
; Flow Elapsed Time                                                                                                        ;
+----------------------+--------------+-------------------------+---------------------+------------------------------------+
; Module Name          ; Elapsed Time ; Average Processors Used ; Peak Virtual Memory ; Total CPU Time (on all processors) ;
+----------------------+--------------+-------------------------+---------------------+------------------------------------+
; Analysis & Synthesis ; 00:00:08     ; 1.0                     ; 445 MB              ; 00:00:14                           ;
; Fitter               ; 00:00:12     ; 1.0                     ; 1340 MB             ; 00:00:20                           ;
; Assembler            ; 00:00:02     ; 1.0                     ; 372 MB              ; 00:00:02                           ;
; Timing Analyzer      ; 00:00:03     ; 1.0                     ; 593 MB              ; 00:00:02                           ;
; Total                ; 00:00:25     ; --                      ; --                  ; 00:00:38                           ;
+----------------------+--------------+-------------------------+---------------------+------------------------------------+


+------------------------------------------------------------------------------------------+
; Flow OS Summary                                                                          ;
+----------------------+---------------------------+---------+------------+----------------+
; Module Name          ; Machine Hostname          ; OS Name ; OS Version ; Processor type ;
+----------------------+---------------------------+---------+------------+----------------+
; Analysis & Synthesis ; ee217lnx02.ecn.purdue.edu ; Red Hat ; Red Hat    ; x86_64         ;
; Fitter               ; ee217lnx02.ecn.purdue.edu ; Red Hat ; Red Hat    ; x86_64         ;
; Assembler            ; ee217lnx02.ecn.purdue.edu ; Red Hat ; Red Hat    ; x86_64         ;
; Timing Analyzer      ; ee217lnx02.ecn.purdue.edu ; Red Hat ; Red Hat    ; x86_64         ;
+----------------------+---------------------------+---------+------------+----------------+


------------
; Flow Log ;
------------
quartus_map --read_settings_files=on --write_settings_files=off CALCTEST4 -c wrapper
quartus_fit --read_settings_files=off --write_settings_files=off CALCTEST4 -c wrapper
quartus_asm --read_settings_files=off --write_settings_files=off CALCTEST4 -c wrapper
quartus_sta CALCTEST4 -c wrapper



