Analysis & Synthesis report for wrapper
Mon May  5 17:48:20 2025
Quartus Prime Version 21.1.1 Build 850 06/23/2022 SJ Standard Edition


---------------------
; Table of Contents ;
---------------------
  1. Legal Notice
  2. Analysis & Synthesis Summary
  3. Analysis & Synthesis Settings
  4. Parallel Compilation
  5. Analysis & Synthesis Source Files Read
  6. Analysis & Synthesis Resource Usage Summary
  7. Analysis & Synthesis Resource Utilization by Entity
  8. State Machine - |wrapper|calculator_top:DUT|gencon:gencon_inst|current_state
  9. State Machine - |wrapper|calculator_top:DUT|gencon:gencon_inst|multiply:mult_calc|state
 10. State Machine - |wrapper|calculator_top:DUT|gencon:gencon_inst|addition:add_calc|state
 11. State Machine - |wrapper|calculator_top:DUT|input_control:input_ctrl_inst|state
 12. Registers Removed During Synthesis
 13. General Register Statistics
 14. Inverted Register Statistics
 15. Multiplexer Restructuring Statistics (Restructuring Performed)
 16. Port Connectivity Checks: "calculator_top:DUT|gencon:gencon_inst|multiply:mult_calc|adder15:compCount"
 17. Port Connectivity Checks: "calculator_top:DUT|gencon:gencon_inst|multiply:mult_calc|adder15:count"
 18. Port Connectivity Checks: "calculator_top:DUT|gencon:gencon_inst|multiply:mult_calc|adder15:main"
 19. Port Connectivity Checks: "calculator_top:DUT|gencon:gencon_inst|addition:add_calc|adder15:complement"
 20. Port Connectivity Checks: "calculator_top:DUT|gencon:gencon_inst|addition:add_calc|adder15:main"
 21. Post-Synthesis Netlist Statistics for Top Partition
 22. Elapsed Time Per Partition
 23. Analysis & Synthesis Messages



----------------
; Legal Notice ;
----------------
Copyright (C) 2022  Intel Corporation. All rights reserved.
Your use of Intel Corporation's design tools, logic functions 
and other software and tools, and any partner logic 
functions, and any output files from any of the foregoing 
(including device programming or simulation files), and any 
associated documentation or information are expressly subject 
to the terms and conditions of the Intel Program License 
Subscription Agreement, the Intel Quartus Prime License Agreement,
the Intel FPGA IP License Agreement, or other applicable license
agreement, including, without limitation, that your use is for
the sole purpose of programming logic devices manufactured by
Intel and sold by Intel or its authorized distributors.  Please
refer to the applicable agreement for further details, at
https://fpgasoftware.intel.com/eula.



+--------------------------------------------------------------------------------------+
; Analysis & Synthesis Summary                                                         ;
+------------------------------------+-------------------------------------------------+
; Analysis & Synthesis Status        ; Successful - Mon May  5 17:48:20 2025           ;
; Quartus Prime Version              ; 21.1.1 Build 850 06/23/2022 SJ Standard Edition ;
; Revision Name                      ; wrapper                                         ;
; Top-level Entity Name              ; wrapper                                         ;
; Family                             ; Cyclone IV E                                    ;
; Total logic elements               ; 267                                             ;
;     Total combinational functions  ; 257                                             ;
;     Dedicated logic registers      ; 160                                             ;
; Total registers                    ; 160                                             ;
; Total pins                         ; 84                                              ;
; Total virtual pins                 ; 0                                               ;
; Total memory bits                  ; 0                                               ;
; Embedded Multiplier 9-bit elements ; 0                                               ;
; Total PLLs                         ; 0                                               ;
+------------------------------------+-------------------------------------------------+


+------------------------------------------------------------------------------------------------------------+
; Analysis & Synthesis Settings                                                                              ;
+------------------------------------------------------------------+--------------------+--------------------+
; Option                                                           ; Setting            ; Default Value      ;
+------------------------------------------------------------------+--------------------+--------------------+
; Device                                                           ; EP4CE115F29C7      ;                    ;
; Top-level entity name                                            ; wrapper            ; wrapper            ;
; Family name                                                      ; Cyclone IV E       ; Cyclone V          ;
; Use smart compilation                                            ; Off                ; Off                ;
; Enable parallel Assembler and Timing Analyzer during compilation ; On                 ; On                 ;
; Enable compact report table                                      ; Off                ; Off                ;
; Restructure Multiplexers                                         ; Auto               ; Auto               ;
; Create Debugging Nodes for IP Cores                              ; Off                ; Off                ;
; Preserve fewer node names                                        ; On                 ; On                 ;
; Intel FPGA IP Evaluation Mode                                    ; Enable             ; Enable             ;
; Verilog Version                                                  ; Verilog_2001       ; Verilog_2001       ;
; VHDL Version                                                     ; VHDL_1993          ; VHDL_1993          ;
; State Machine Processing                                         ; Auto               ; Auto               ;
; Safe State Machine                                               ; Off                ; Off                ;
; Extract Verilog State Machines                                   ; On                 ; On                 ;
; Extract VHDL State Machines                                      ; On                 ; On                 ;
; Ignore Verilog initial constructs                                ; Off                ; Off                ;
; Iteration limit for constant Verilog loops                       ; 5000               ; 5000               ;
; Iteration limit for non-constant Verilog loops                   ; 250                ; 250                ;
; Add Pass-Through Logic to Inferred RAMs                          ; On                 ; On                 ;
; Infer RAMs from Raw Logic                                        ; On                 ; On                 ;
; Parallel Synthesis                                               ; On                 ; On                 ;
; DSP Block Balancing                                              ; Auto               ; Auto               ;
; NOT Gate Push-Back                                               ; On                 ; On                 ;
; Power-Up Don't Care                                              ; On                 ; On                 ;
; Remove Redundant Logic Cells                                     ; Off                ; Off                ;
; Remove Duplicate Registers                                       ; On                 ; On                 ;
; Ignore CARRY Buffers                                             ; Off                ; Off                ;
; Ignore CASCADE Buffers                                           ; Off                ; Off                ;
; Ignore GLOBAL Buffers                                            ; Off                ; Off                ;
; Ignore ROW GLOBAL Buffers                                        ; Off                ; Off                ;
; Ignore LCELL Buffers                                             ; Off                ; Off                ;
; Ignore SOFT Buffers                                              ; On                 ; On                 ;
; Limit AHDL Integers to 32 Bits                                   ; Off                ; Off                ;
; Optimization Technique                                           ; Balanced           ; Balanced           ;
; Carry Chain Length                                               ; 70                 ; 70                 ;
; Auto Carry Chains                                                ; On                 ; On                 ;
; Auto Open-Drain Pins                                             ; On                 ; On                 ;
; Perform WYSIWYG Primitive Resynthesis                            ; Off                ; Off                ;
; Auto ROM Replacement                                             ; On                 ; On                 ;
; Auto RAM Replacement                                             ; On                 ; On                 ;
; Auto DSP Block Replacement                                       ; On                 ; On                 ;
; Auto Shift Register Replacement                                  ; Auto               ; Auto               ;
; Allow Shift Register Merging across Hierarchies                  ; Auto               ; Auto               ;
; Auto Clock Enable Replacement                                    ; On                 ; On                 ;
; Strict RAM Replacement                                           ; Off                ; Off                ;
; Allow Synchronous Control Signals                                ; On                 ; On                 ;
; Force Use of Synchronous Clear Signals                           ; Off                ; Off                ;
; Auto RAM Block Balancing                                         ; On                 ; On                 ;
; Auto RAM to Logic Cell Conversion                                ; Off                ; Off                ;
; Auto Resource Sharing                                            ; Off                ; Off                ;
; Allow Any RAM Size For Recognition                               ; Off                ; Off                ;
; Allow Any ROM Size For Recognition                               ; Off                ; Off                ;
; Allow Any Shift Register Size For Recognition                    ; Off                ; Off                ;
; Use LogicLock Constraints during Resource Balancing              ; On                 ; On                 ;
; Ignore translate_off and synthesis_off directives                ; Off                ; Off                ;
; Timing-Driven Synthesis                                          ; On                 ; On                 ;
; Report Parameter Settings                                        ; On                 ; On                 ;
; Report Source Assignments                                        ; On                 ; On                 ;
; Report Connectivity Checks                                       ; On                 ; On                 ;
; Ignore Maximum Fan-Out Assignments                               ; Off                ; Off                ;
; Synchronization Register Chain Length                            ; 2                  ; 2                  ;
; Power Optimization During Synthesis                              ; Normal compilation ; Normal compilation ;
; HDL message level                                                ; Level2             ; Level2             ;
; Suppress Register Optimization Related Messages                  ; Off                ; Off                ;
; Number of Removed Registers Reported in Synthesis Report         ; 5000               ; 5000               ;
; Number of Swept Nodes Reported in Synthesis Report               ; 5000               ; 5000               ;
; Number of Inverted Registers Reported in Synthesis Report        ; 100                ; 100                ;
; Clock MUX Protection                                             ; On                 ; On                 ;
; Auto Gated Clock Conversion                                      ; Off                ; Off                ;
; Block Design Naming                                              ; Auto               ; Auto               ;
; SDC constraint protection                                        ; Off                ; Off                ;
; Synthesis Effort                                                 ; Auto               ; Auto               ;
; Shift Register Replacement - Allow Asynchronous Clear Signal     ; On                 ; On                 ;
; Pre-Mapping Resynthesis Optimization                             ; Off                ; Off                ;
; Analysis & Synthesis Message Level                               ; Medium             ; Medium             ;
; Disable Register Merging Across Hierarchies                      ; Auto               ; Auto               ;
; Resource Aware Inference For Block RAM                           ; On                 ; On                 ;
+------------------------------------------------------------------+--------------------+--------------------+


+------------------------------------------+
; Parallel Compilation                     ;
+----------------------------+-------------+
; Processors                 ; Number      ;
+----------------------------+-------------+
; Number detected on machine ; 12          ;
; Maximum allowed            ; 6           ;
;                            ;             ;
; Average used               ; 1.00        ;
; Maximum used               ; 6           ;
;                            ;             ;
; Usage by Processor         ; % Time Used ;
;     Processor 1            ; 100.0%      ;
;     Processors 2-6         ;   0.0%      ;
+----------------------------+-------------+


+-----------------------------------------------------------------------------------------------------------------------------------------------------------------------+
; Analysis & Synthesis Source Files Read                                                                                                                                ;
+----------------------------------+-----------------+------------------------------+-------------------------------------------------------------------------+---------+
; File Name with User-Entered Path ; Used in Netlist ; File Type                    ; File Name with Absolute Path                                            ; Library ;
+----------------------------------+-----------------+------------------------------+-------------------------------------------------------------------------+---------+
; wrapper.sv                       ; yes             ; User SystemVerilog HDL File  ; /home/shay/a/du347/CALC-Intro-2 (another copy)/source/wrapper.sv        ;         ;
; multiply.sv                      ; yes             ; User SystemVerilog HDL File  ; /home/shay/a/du347/CALC-Intro-2 (another copy)/source/multiply.sv       ;         ;
; input_control.sv                 ; yes             ; User SystemVerilog HDL File  ; /home/shay/a/du347/CALC-Intro-2 (another copy)/source/input_control.sv  ;         ;
; gencon_defs.sv                   ; yes             ; User SystemVerilog HDL File  ; /home/shay/a/du347/CALC-Intro-2 (another copy)/source/gencon_defs.sv    ;         ;
; gencon.sv                        ; yes             ; User SystemVerilog HDL File  ; /home/shay/a/du347/CALC-Intro-2 (another copy)/source/gencon.sv         ;         ;
; calculator_top.sv                ; yes             ; User SystemVerilog HDL File  ; /home/shay/a/du347/CALC-Intro-2 (another copy)/source/calculator_top.sv ;         ;
; addition.sv                      ; yes             ; User SystemVerilog HDL File  ; /home/shay/a/du347/CALC-Intro-2 (another copy)/source/addition.sv       ;         ;
+----------------------------------+-----------------+------------------------------+-------------------------------------------------------------------------+---------+


+--------------------------------------------------------------+
; Analysis & Synthesis Resource Usage Summary                  ;
+---------------------------------------------+----------------+
; Resource                                    ; Usage          ;
+---------------------------------------------+----------------+
; Estimated Total logic elements              ; 267            ;
;                                             ;                ;
; Total combinational functions               ; 257            ;
; Logic element usage by number of LUT inputs ;                ;
;     -- 4 input functions                    ; 102            ;
;     -- 3 input functions                    ; 59             ;
;     -- <=2 input functions                  ; 96             ;
;                                             ;                ;
; Logic elements by mode                      ;                ;
;     -- normal mode                          ; 190            ;
;     -- arithmetic mode                      ; 67             ;
;                                             ;                ;
; Total registers                             ; 160            ;
;     -- Dedicated logic registers            ; 160            ;
;     -- I/O registers                        ; 0              ;
;                                             ;                ;
; I/O pins                                    ; 84             ;
;                                             ;                ;
; Embedded Multiplier 9-bit elements          ; 0              ;
;                                             ;                ;
; Maximum fan-out node                        ; CLOCK_50~input ;
; Maximum fan-out                             ; 160            ;
; Total fan-out                               ; 1465           ;
; Average fan-out                             ; 2.36           ;
+---------------------------------------------+----------------+


+----------------------------------------------------------------------------------------------------------------------------------------------------------------------------------------------------------------------------------------------------------------------+
; Analysis & Synthesis Resource Utilization by Entity                                                                                                                                                                                                                  ;
+---------------------------------------+---------------------+---------------------------+-------------+--------------+---------+-----------+------+--------------+-------------------------------------------------------------------+----------------+--------------+
; Compilation Hierarchy Node            ; Combinational ALUTs ; Dedicated Logic Registers ; Memory Bits ; DSP Elements ; DSP 9x9 ; DSP 18x18 ; Pins ; Virtual Pins ; Full Hierarchy Name                                               ; Entity Name    ; Library Name ;
+---------------------------------------+---------------------+---------------------------+-------------+--------------+---------+-----------+------+--------------+-------------------------------------------------------------------+----------------+--------------+
; |wrapper                              ; 257 (6)             ; 160 (6)                   ; 0           ; 0            ; 0       ; 0         ; 84   ; 0            ; |wrapper                                                          ; wrapper        ; work         ;
;    |calculator_top:DUT|               ; 251 (0)             ; 154 (0)                   ; 0           ; 0            ; 0       ; 0         ; 0    ; 0            ; |wrapper|calculator_top:DUT                                       ; calculator_top ; work         ;
;       |gencon:gencon_inst|            ; 144 (131)           ; 92 (84)                   ; 0           ; 0            ; 0       ; 0         ; 0    ; 0            ; |wrapper|calculator_top:DUT|gencon:gencon_inst                    ; gencon         ; work         ;
;          |addition:add_calc|          ; 3 (3)               ; 4 (4)                     ; 0           ; 0            ; 0       ; 0         ; 0    ; 0            ; |wrapper|calculator_top:DUT|gencon:gencon_inst|addition:add_calc  ; addition       ; work         ;
;          |multiply:mult_calc|         ; 10 (10)             ; 4 (4)                     ; 0           ; 0            ; 0       ; 0         ; 0    ; 0            ; |wrapper|calculator_top:DUT|gencon:gencon_inst|multiply:mult_calc ; multiply       ; work         ;
;       |input_control:input_ctrl_inst| ; 107 (107)           ; 62 (62)                   ; 0           ; 0            ; 0       ; 0         ; 0    ; 0            ; |wrapper|calculator_top:DUT|input_control:input_ctrl_inst         ; input_control  ; work         ;
+---------------------------------------+---------------------+---------------------------+-------------+--------------+---------+-----------+------+--------------+-------------------------------------------------------------------+----------------+--------------+
Note: For table entries with two numbers listed, the numbers in parentheses indicate the number of resources of the given type used by the specific entity alone. The numbers listed outside of parentheses indicate the total resources of the given type used by the specific entity and all of its sub-entities in the hierarchy.


Encoding Type:  One-Hot
+-----------------------------------------------------------------------------------------------------------------------------------------------------------------------------------------------------------------------------------------------------------------------------------------------------------------------------------------------------+
; State Machine - |wrapper|calculator_top:DUT|gencon:gencon_inst|current_state                                                                                                                                                                                                                                                                        ;
+----------------------------------+--------------------------------+----------------------------------+----------------------------+-------------------------------+---------------------------------+-----------------------------+------------------------+---------------------------------+-----------------------------+------------------------+
; Name                             ; current_state.SHOW_RESULT_MULT ; current_state.SHOW_RESULT_ADDSUB ; current_state.WAIT_COMPUTE ; current_state.SEND_TO_COMPUTE ; current_state.ADD_KEY_INPUT_OP2 ; current_state.WAIT_MULT_OP2 ; current_state.WAIT_OP2 ; current_state.ADD_KEY_INPUT_OP1 ; current_state.WAIT_MULT_OP1 ; current_state.WAIT_OP1 ;
+----------------------------------+--------------------------------+----------------------------------+----------------------------+-------------------------------+---------------------------------+-----------------------------+------------------------+---------------------------------+-----------------------------+------------------------+
; current_state.WAIT_OP1           ; 0                              ; 0                                ; 0                          ; 0                             ; 0                               ; 0                           ; 0                      ; 0                               ; 0                           ; 0                      ;
; current_state.WAIT_MULT_OP1      ; 0                              ; 0                                ; 0                          ; 0                             ; 0                               ; 0                           ; 0                      ; 0                               ; 1                           ; 1                      ;
; current_state.ADD_KEY_INPUT_OP1  ; 0                              ; 0                                ; 0                          ; 0                             ; 0                               ; 0                           ; 0                      ; 1                               ; 0                           ; 1                      ;
; current_state.WAIT_OP2           ; 0                              ; 0                                ; 0                          ; 0                             ; 0                               ; 0                           ; 1                      ; 0                               ; 0                           ; 1                      ;
; current_state.WAIT_MULT_OP2      ; 0                              ; 0                                ; 0                          ; 0                             ; 0                               ; 1                           ; 0                      ; 0                               ; 0                           ; 1                      ;
; current_state.ADD_KEY_INPUT_OP2  ; 0                              ; 0                                ; 0                          ; 0                             ; 1                               ; 0                           ; 0                      ; 0                               ; 0                           ; 1                      ;
; current_state.SEND_TO_COMPUTE    ; 0                              ; 0                                ; 0                          ; 1                             ; 0                               ; 0                           ; 0                      ; 0                               ; 0                           ; 1                      ;
; current_state.WAIT_COMPUTE       ; 0                              ; 0                                ; 1                          ; 0                             ; 0                               ; 0                           ; 0                      ; 0                               ; 0                           ; 1                      ;
; current_state.SHOW_RESULT_ADDSUB ; 0                              ; 1                                ; 0                          ; 0                             ; 0                               ; 0                           ; 0                      ; 0                               ; 0                           ; 1                      ;
; current_state.SHOW_RESULT_MULT   ; 1                              ; 0                                ; 0                          ; 0                             ; 0                               ; 0                           ; 0                      ; 0                               ; 0                           ; 1                      ;
+----------------------------------+--------------------------------+----------------------------------+----------------------------+-------------------------------+---------------------------------+-----------------------------+------------------------+---------------------------------+-----------------------------+------------------------+


Encoding Type:  One-Hot
+-----------------------------------------------------------------------------------------+
; State Machine - |wrapper|calculator_top:DUT|gencon:gencon_inst|multiply:mult_calc|state ;
+----------------+-----------+----------------+-----------+------------+------------------+
; Name           ; state.ADD ; state.CHECKADD ; state.SET ; state.IDLE ; state.FIN        ;
+----------------+-----------+----------------+-----------+------------+------------------+
; state.IDLE     ; 0         ; 0              ; 0         ; 0          ; 0                ;
; state.SET      ; 0         ; 0              ; 1         ; 1          ; 0                ;
; state.CHECKADD ; 0         ; 1              ; 0         ; 1          ; 0                ;
; state.ADD      ; 1         ; 0              ; 0         ; 1          ; 0                ;
; state.FIN      ; 0         ; 0              ; 0         ; 1          ; 1                ;
+----------------+-----------+----------------+-----------+------------+------------------+


Encoding Type:  One-Hot
+----------------------------------------------------------------------------------------+
; State Machine - |wrapper|calculator_top:DUT|gencon:gencon_inst|addition:add_calc|state ;
+------------+-----------+-----------+-----------+---------------------------------------+
; Name       ; state.FIN ; state.ADD ; state.SET ; state.IDLE                            ;
+------------+-----------+-----------+-----------+---------------------------------------+
; state.IDLE ; 0         ; 0         ; 0         ; 0                                     ;
; state.SET  ; 0         ; 0         ; 1         ; 1                                     ;
; state.ADD  ; 0         ; 1         ; 0         ; 1                                     ;
; state.FIN  ; 1         ; 0         ; 0         ; 1                                     ;
+------------+-----------+-----------+-----------+---------------------------------------+


Encoding Type:  One-Hot
+-----------------------------------------------------------------------------------------------------------+
; State Machine - |wrapper|calculator_top:DUT|input_control:input_ctrl_inst|state                           ;
+--------------------+---------------+-------------------+----------------+------------+--------------------+
; Name               ; state.CONFIRM ; state.WAIT_STABLE ; state.SCAN_COL ; state.IDLE ; state.WAIT_RELEASE ;
+--------------------+---------------+-------------------+----------------+------------+--------------------+
; state.IDLE         ; 0             ; 0                 ; 0              ; 0          ; 0                  ;
; state.SCAN_COL     ; 0             ; 0                 ; 1              ; 1          ; 0                  ;
; state.WAIT_STABLE  ; 0             ; 1                 ; 0              ; 1          ; 0                  ;
; state.CONFIRM      ; 1             ; 0                 ; 0              ; 1          ; 0                  ;
; state.WAIT_RELEASE ; 0             ; 0                 ; 0              ; 1          ; 1                  ;
+--------------------+---------------+-------------------+----------------+------------+--------------------+


+-------------------------------------------------------------------------------------------------------------+
; Registers Removed During Synthesis                                                                          ;
+--------------------------------------------------------------------+----------------------------------------+
; Register name                                                      ; Reason for Removal                     ;
+--------------------------------------------------------------------+----------------------------------------+
; calculator_top:DUT|gencon:gencon_inst|ALU_in2[14]                  ; Lost fanout                            ;
; calculator_top:DUT|gencon:gencon_inst|ALU_in1[14]                  ; Lost fanout                            ;
; calculator_top:DUT|gencon:gencon_inst|current_state~4              ; Lost fanout                            ;
; calculator_top:DUT|gencon:gencon_inst|current_state~5              ; Lost fanout                            ;
; calculator_top:DUT|gencon:gencon_inst|current_state~6              ; Lost fanout                            ;
; calculator_top:DUT|gencon:gencon_inst|current_state~7              ; Lost fanout                            ;
; calculator_top:DUT|gencon:gencon_inst|multiply:mult_calc|state~4   ; Lost fanout                            ;
; calculator_top:DUT|gencon:gencon_inst|multiply:mult_calc|state~5   ; Lost fanout                            ;
; calculator_top:DUT|gencon:gencon_inst|multiply:mult_calc|state~7   ; Lost fanout                            ;
; calculator_top:DUT|gencon:gencon_inst|addition:add_calc|state~4    ; Lost fanout                            ;
; calculator_top:DUT|gencon:gencon_inst|addition:add_calc|state~5    ; Lost fanout                            ;
; calculator_top:DUT|gencon:gencon_inst|addition:add_calc|state~6    ; Lost fanout                            ;
; calculator_top:DUT|input_control:input_ctrl_inst|state~4           ; Lost fanout                            ;
; calculator_top:DUT|input_control:input_ctrl_inst|state~5           ; Lost fanout                            ;
; calculator_top:DUT|gencon:gencon_inst|multiply:mult_calc|state.ADD ; Stuck at GND due to stuck port data_in ;
; calculator_top:DUT|gencon:gencon_inst|ALU_in1[13]                  ; Lost fanout                            ;
; calculator_top:DUT|gencon:gencon_inst|ALU_in2[13]                  ; Lost fanout                            ;
; calculator_top:DUT|gencon:gencon_inst|ALU_in1[12]                  ; Lost fanout                            ;
; calculator_top:DUT|gencon:gencon_inst|ALU_in2[12]                  ; Lost fanout                            ;
; calculator_top:DUT|gencon:gencon_inst|ALU_in1[11]                  ; Lost fanout                            ;
; calculator_top:DUT|gencon:gencon_inst|ALU_in2[11]                  ; Lost fanout                            ;
; calculator_top:DUT|gencon:gencon_inst|ALU_in1[10]                  ; Lost fanout                            ;
; calculator_top:DUT|gencon:gencon_inst|ALU_in2[10]                  ; Lost fanout                            ;
; calculator_top:DUT|gencon:gencon_inst|ALU_in1[9]                   ; Lost fanout                            ;
; calculator_top:DUT|gencon:gencon_inst|ALU_in2[9]                   ; Lost fanout                            ;
; calculator_top:DUT|gencon:gencon_inst|ALU_in1[8]                   ; Lost fanout                            ;
; calculator_top:DUT|gencon:gencon_inst|ALU_in2[8]                   ; Lost fanout                            ;
; calculator_top:DUT|gencon:gencon_inst|ALU_in1[7]                   ; Lost fanout                            ;
; calculator_top:DUT|gencon:gencon_inst|ALU_in2[7]                   ; Lost fanout                            ;
; calculator_top:DUT|gencon:gencon_inst|ALU_in1[6]                   ; Lost fanout                            ;
; calculator_top:DUT|gencon:gencon_inst|ALU_in2[6]                   ; Lost fanout                            ;
; calculator_top:DUT|gencon:gencon_inst|ALU_in1[5]                   ; Lost fanout                            ;
; calculator_top:DUT|gencon:gencon_inst|ALU_in2[5]                   ; Lost fanout                            ;
; calculator_top:DUT|gencon:gencon_inst|ALU_in1[4]                   ; Lost fanout                            ;
; calculator_top:DUT|gencon:gencon_inst|ALU_in2[4]                   ; Lost fanout                            ;
; calculator_top:DUT|gencon:gencon_inst|ALU_in1[3]                   ; Lost fanout                            ;
; calculator_top:DUT|gencon:gencon_inst|ALU_in2[3]                   ; Lost fanout                            ;
; calculator_top:DUT|gencon:gencon_inst|ALU_in1[2]                   ; Lost fanout                            ;
; calculator_top:DUT|gencon:gencon_inst|ALU_in2[2]                   ; Lost fanout                            ;
; calculator_top:DUT|gencon:gencon_inst|ALU_in1[1]                   ; Lost fanout                            ;
; calculator_top:DUT|gencon:gencon_inst|ALU_in2[0,1]                 ; Lost fanout                            ;
; calculator_top:DUT|gencon:gencon_inst|ALU_in1[0,15]                ; Lost fanout                            ;
; calculator_top:DUT|gencon:gencon_inst|ALU_in2[15]                  ; Lost fanout                            ;
; calculator_top:DUT|gencon:gencon_inst|addOrSub                     ; Lost fanout                            ;
; Total Number of Removed Registers = 46                             ;                                        ;
+--------------------------------------------------------------------+----------------------------------------+


+------------------------------------------------------+
; General Register Statistics                          ;
+----------------------------------------------+-------+
; Statistic                                    ; Value ;
+----------------------------------------------+-------+
; Total registers                              ; 160   ;
; Number of registers using Synchronous Clear  ; 0     ;
; Number of registers using Synchronous Load   ; 0     ;
; Number of registers using Asynchronous Clear ; 127   ;
; Number of registers using Asynchronous Load  ; 0     ;
; Number of registers using Clock Enable       ; 102   ;
; Number of registers using Preset             ; 0     ;
+----------------------------------------------+-------+


+---------------------------------------------------------------------------+
; Inverted Register Statistics                                              ;
+-----------------------------------------------------------------+---------+
; Inverted Register                                               ; Fan out ;
+-----------------------------------------------------------------+---------+
; calculator_top:DUT|input_control:input_ctrl_inst|decoded_key[1] ; 9       ;
; calculator_top:DUT|input_control:input_ctrl_inst|decoded_key[2] ; 8       ;
; calculator_top:DUT|input_control:input_ctrl_inst|decoded_key[3] ; 8       ;
; Total number of inverted registers = 3                          ;         ;
+-----------------------------------------------------------------+---------+


+------------------------------------------------------------------------------------------------------------------------------------------------------------------------------------------+
; Multiplexer Restructuring Statistics (Restructuring Performed)                                                                                                                           ;
+--------------------+-----------+---------------+----------------------+------------------------+------------+----------------------------------------------------------------------------+
; Multiplexer Inputs ; Bus Width ; Baseline Area ; Area if Restructured ; Saving if Restructured ; Registered ; Example Multiplexer Output                                                 ;
+--------------------+-----------+---------------+----------------------+------------------------+------------+----------------------------------------------------------------------------+
; 3:1                ; 4 bits    ; 8 LEs         ; 0 LEs                ; 8 LEs                  ; Yes        ; |wrapper|calculator_top:DUT|gencon:gencon_inst|latched_keypad_input[1]     ;
; 3:1                ; 19 bits   ; 38 LEs        ; 19 LEs               ; 19 LEs                 ; Yes        ; |wrapper|calculator_top:DUT|input_control:input_ctrl_inst|debounce_cnt[0]  ;
; 5:1                ; 15 bits   ; 45 LEs        ; 30 LEs               ; 15 LEs                 ; Yes        ; |wrapper|calculator_top:DUT|gencon:gencon_inst|display_output[3]           ;
; 5:1                ; 15 bits   ; 45 LEs        ; 15 LEs               ; 30 LEs                 ; Yes        ; |wrapper|calculator_top:DUT|gencon:gencon_inst|operand2[3]                 ;
; 6:1                ; 15 bits   ; 60 LEs        ; 30 LEs               ; 30 LEs                 ; Yes        ; |wrapper|calculator_top:DUT|gencon:gencon_inst|operand1[0]                 ;
; 5:1                ; 15 bits   ; 45 LEs        ; 15 LEs               ; 30 LEs                 ; Yes        ; |wrapper|calculator_top:DUT|gencon:gencon_inst|mult_in2[12]                ;
; 3:1                ; 30 bits   ; 60 LEs        ; 60 LEs               ; 0 LEs                  ; No         ; |wrapper|calculator_top:DUT|gencon:gencon_inst|addition:add_calc|n1[10]    ;
; 6:1                ; 2 bits    ; 8 LEs         ; 4 LEs                ; 4 LEs                  ; No         ; |wrapper|calculator_top:DUT|gencon:gencon_inst|addition:add_calc|Selector3 ;
+--------------------+-----------+---------------+----------------------+------------------------+------------+----------------------------------------------------------------------------+


+--------------------------------------------------------------------------------------------------------+
; Port Connectivity Checks: "calculator_top:DUT|gencon:gencon_inst|multiply:mult_calc|adder15:compCount" ;
+------+--------+----------+-----------------------------------------------------------------------------+
; Port ; Type   ; Severity ; Details                                                                     ;
+------+--------+----------+-----------------------------------------------------------------------------+
; sum  ; Output ; Info     ; Explicitly unconnected                                                      ;
; sub  ; Input  ; Info     ; Stuck at VCC                                                                ;
+------+--------+----------+-----------------------------------------------------------------------------+


+----------------------------------------------------------------------------------------------------+
; Port Connectivity Checks: "calculator_top:DUT|gencon:gencon_inst|multiply:mult_calc|adder15:count" ;
+------------+--------+----------+-------------------------------------------------------------------+
; Port       ; Type   ; Severity ; Details                                                           ;
+------------+--------+----------+-------------------------------------------------------------------+
; cOut       ; Output ; Info     ; Explicitly unconnected                                            ;
; in1        ; Input  ; Info     ; Stuck at GND                                                      ;
; in2[14..1] ; Input  ; Info     ; Stuck at GND                                                      ;
; in2[0]     ; Input  ; Info     ; Stuck at VCC                                                      ;
; sub        ; Input  ; Info     ; Stuck at GND                                                      ;
+------------+--------+----------+-------------------------------------------------------------------+


+----------------------------------------------------------------------------------------------------------------+
; Port Connectivity Checks: "calculator_top:DUT|gencon:gencon_inst|multiply:mult_calc|adder15:main"              ;
+------+--------+----------+-------------------------------------------------------------------------------------+
; Port ; Type   ; Severity ; Details                                                                             ;
+------+--------+----------+-------------------------------------------------------------------------------------+
; sum  ; Output ; Info     ; Connected to dangling logic. Logic that only feeds a dangling port will be removed. ;
; cOut ; Output ; Info     ; Explicitly unconnected                                                              ;
; in2  ; Input  ; Info     ; Stuck at GND                                                                        ;
; sub  ; Input  ; Info     ; Stuck at GND                                                                        ;
+------+--------+----------+-------------------------------------------------------------------------------------+


+----------------------------------------------------------------------------------------------------------------+
; Port Connectivity Checks: "calculator_top:DUT|gencon:gencon_inst|addition:add_calc|adder15:complement"         ;
+------+--------+----------+-------------------------------------------------------------------------------------+
; Port ; Type   ; Severity ; Details                                                                             ;
+------+--------+----------+-------------------------------------------------------------------------------------+
; sum  ; Output ; Info     ; Connected to dangling logic. Logic that only feeds a dangling port will be removed. ;
; cOut ; Output ; Info     ; Explicitly unconnected                                                              ;
; in1  ; Input  ; Info     ; Stuck at GND                                                                        ;
; sub  ; Input  ; Info     ; Stuck at VCC                                                                        ;
+------+--------+----------+-------------------------------------------------------------------------------------+


+----------------------------------------------------------------------------------------------------------------+
; Port Connectivity Checks: "calculator_top:DUT|gencon:gencon_inst|addition:add_calc|adder15:main"               ;
+------+--------+----------+-------------------------------------------------------------------------------------+
; Port ; Type   ; Severity ; Details                                                                             ;
+------+--------+----------+-------------------------------------------------------------------------------------+
; cOut ; Output ; Info     ; Connected to dangling logic. Logic that only feeds a dangling port will be removed. ;
+------+--------+----------+-------------------------------------------------------------------------------------+


+-----------------------------------------------------+
; Post-Synthesis Netlist Statistics for Top Partition ;
+-----------------------+-----------------------------+
; Type                  ; Count                       ;
+-----------------------+-----------------------------+
; boundary_port         ; 84                          ;
; cycloneiii_ff         ; 160                         ;
;     CLR               ; 53                          ;
;     ENA               ; 28                          ;
;     ENA CLR           ; 74                          ;
;     plain             ; 5                           ;
; cycloneiii_io_obuf    ; 35                          ;
; cycloneiii_lcell_comb ; 258                         ;
;     arith             ; 67                          ;
;         2 data inputs ; 59                          ;
;         3 data inputs ; 8                           ;
;     normal            ; 191                         ;
;         0 data inputs ; 1                           ;
;         1 data inputs ; 4                           ;
;         2 data inputs ; 33                          ;
;         3 data inputs ; 51                          ;
;         4 data inputs ; 102                         ;
;                       ;                             ;
; Max LUT depth         ; 5.00                        ;
; Average LUT depth     ; 2.52                        ;
+-----------------------+-----------------------------+


+-------------------------------+
; Elapsed Time Per Partition    ;
+----------------+--------------+
; Partition Name ; Elapsed Time ;
+----------------+--------------+
; Top            ; 00:00:00     ;
+----------------+--------------+


+-------------------------------+
; Analysis & Synthesis Messages ;
+-------------------------------+
Info: *******************************************************************
Info: Running Quartus Prime Analysis & Synthesis
    Info: Version 21.1.1 Build 850 06/23/2022 SJ Standard Edition
    Info: Processing started: Mon May  5 17:48:13 2025
Info: Command: quartus_map --read_settings_files=on --write_settings_files=off CALCTEST4 -c wrapper
Warning (18236): Number of processors has not been specified which may cause overloading on shared machines.  Set the global assignment NUM_PARALLEL_PROCESSORS in your QSF to an appropriate value for best performance.
Info (20030): Parallel compilation is enabled and will use 6 of the 6 processors detected
Info (12021): Found 1 design units, including 1 entities, in source file wrapper.sv
    Info (12023): Found entity 1: wrapper File: /home/shay/a/du347/CALC-Intro-2 (another copy)/source/wrapper.sv Line: 2
Info (12021): Found 1 design units, including 1 entities, in source file multiply.sv
    Info (12023): Found entity 1: multiply File: /home/shay/a/du347/CALC-Intro-2 (another copy)/source/multiply.sv Line: 6
Info (12021): Found 1 design units, including 1 entities, in source file input_control.sv
    Info (12023): Found entity 1: input_control File: /home/shay/a/du347/CALC-Intro-2 (another copy)/source/input_control.sv Line: 3
Info (12021): Found 0 design units, including 0 entities, in source file gencon_defs.sv
Info (12021): Found 1 design units, including 1 entities, in source file gencon.sv
    Info (12023): Found entity 1: gencon File: /home/shay/a/du347/CALC-Intro-2 (another copy)/source/gencon.sv Line: 5
Info (12021): Found 1 design units, including 1 entities, in source file calculator_top.sv
    Info (12023): Found entity 1: calculator_top File: /home/shay/a/du347/CALC-Intro-2 (another copy)/source/calculator_top.sv Line: 3
Info (12021): Found 3 design units, including 3 entities, in source file addition.sv
    Info (12023): Found entity 1: adder File: /home/shay/a/du347/CALC-Intro-2 (another copy)/source/addition.sv Line: 3
    Info (12023): Found entity 2: adder15 File: /home/shay/a/du347/CALC-Intro-2 (another copy)/source/addition.sv Line: 19
    Info (12023): Found entity 3: addition File: /home/shay/a/du347/CALC-Intro-2 (another copy)/source/addition.sv Line: 45
Info (12127): Elaborating entity "wrapper" for the top level hierarchy
Warning (10230): Verilog HDL assignment warning at wrapper.sv(33): truncated value with size 32 to match size of target (4) File: /home/shay/a/du347/CALC-Intro-2 (another copy)/source/wrapper.sv Line: 33
Warning (10034): Output port "LEDR[17..16]" at wrapper.sv(7) has no driver File: /home/shay/a/du347/CALC-Intro-2 (another copy)/source/wrapper.sv Line: 7
Warning (10034): Output port "LEDG[3..1]" at wrapper.sv(9) has no driver File: /home/shay/a/du347/CALC-Intro-2 (another copy)/source/wrapper.sv Line: 9
Info (12128): Elaborating entity "calculator_top" for hierarchy "calculator_top:DUT" File: /home/shay/a/du347/CALC-Intro-2 (another copy)/source/wrapper.sv Line: 59
Info (12128): Elaborating entity "input_control" for hierarchy "calculator_top:DUT|input_control:input_ctrl_inst" File: /home/shay/a/du347/CALC-Intro-2 (another copy)/source/calculator_top.sv Line: 32
Warning (10230): Verilog HDL assignment warning at input_control.sv(83): truncated value with size 32 to match size of target (2) File: /home/shay/a/du347/CALC-Intro-2 (another copy)/source/input_control.sv Line: 83
Warning (10230): Verilog HDL assignment warning at input_control.sv(86): truncated value with size 32 to match size of target (20) File: /home/shay/a/du347/CALC-Intro-2 (another copy)/source/input_control.sv Line: 86
Warning (10230): Verilog HDL assignment warning at input_control.sv(91): truncated value with size 32 to match size of target (19) File: /home/shay/a/du347/CALC-Intro-2 (another copy)/source/input_control.sv Line: 91
Info (12128): Elaborating entity "gencon" for hierarchy "calculator_top:DUT|gencon:gencon_inst" File: /home/shay/a/du347/CALC-Intro-2 (another copy)/source/calculator_top.sv Line: 45
Warning (10036): Verilog HDL or VHDL warning at gencon.sv(35): object "getting_op1" assigned a value but never read File: /home/shay/a/du347/CALC-Intro-2 (another copy)/source/gencon.sv Line: 35
Warning (10036): Verilog HDL or VHDL warning at gencon.sv(35): object "getting_op2" assigned a value but never read File: /home/shay/a/du347/CALC-Intro-2 (another copy)/source/gencon.sv Line: 35
Info (12128): Elaborating entity "addition" for hierarchy "calculator_top:DUT|gencon:gencon_inst|addition:add_calc" File: /home/shay/a/du347/CALC-Intro-2 (another copy)/source/gencon.sv Line: 51
Info (10264): Verilog HDL Case Statement information at addition.sv(129): all case item expressions in this case statement are onehot File: /home/shay/a/du347/CALC-Intro-2 (another copy)/source/addition.sv Line: 129
Info (12128): Elaborating entity "adder15" for hierarchy "calculator_top:DUT|gencon:gencon_inst|addition:add_calc|adder15:main" File: /home/shay/a/du347/CALC-Intro-2 (another copy)/source/addition.sv Line: 117
Info (12128): Elaborating entity "adder" for hierarchy "calculator_top:DUT|gencon:gencon_inst|addition:add_calc|adder15:main|adder:a0" File: /home/shay/a/du347/CALC-Intro-2 (another copy)/source/addition.sv Line: 33
Info (12128): Elaborating entity "multiply" for hierarchy "calculator_top:DUT|gencon:gencon_inst|multiply:mult_calc" File: /home/shay/a/du347/CALC-Intro-2 (another copy)/source/gencon.sv Line: 58
Info (10264): Verilog HDL Case Statement information at multiply.sv(113): all case item expressions in this case statement are onehot File: /home/shay/a/du347/CALC-Intro-2 (another copy)/source/multiply.sv Line: 113
Warning (13034): The following nodes have both tri-state and non-tri-state drivers
    Warning (13035): Inserted always-enabled tri-state buffer between "GPIO[11]" and its non-tri-state driver. File: /home/shay/a/du347/CALC-Intro-2 (another copy)/source/wrapper.sv Line: 6
    Warning (13035): Inserted always-enabled tri-state buffer between "GPIO[13]" and its non-tri-state driver. File: /home/shay/a/du347/CALC-Intro-2 (another copy)/source/wrapper.sv Line: 6
    Warning (13035): Inserted always-enabled tri-state buffer between "GPIO[15]" and its non-tri-state driver. File: /home/shay/a/du347/CALC-Intro-2 (another copy)/source/wrapper.sv Line: 6
    Warning (13035): Inserted always-enabled tri-state buffer between "GPIO[17]" and its non-tri-state driver. File: /home/shay/a/du347/CALC-Intro-2 (another copy)/source/wrapper.sv Line: 6
Warning (13039): The following bidirectional pins have no drivers
    Warning (13040): bidirectional pin "GPIO[19]" has no driver File: /home/shay/a/du347/CALC-Intro-2 (another copy)/source/wrapper.sv Line: 6
    Warning (13040): bidirectional pin "GPIO[21]" has no driver File: /home/shay/a/du347/CALC-Intro-2 (another copy)/source/wrapper.sv Line: 6
    Warning (13040): bidirectional pin "GPIO[23]" has no driver File: /home/shay/a/du347/CALC-Intro-2 (another copy)/source/wrapper.sv Line: 6
    Warning (13040): bidirectional pin "GPIO[25]" has no driver File: /home/shay/a/du347/CALC-Intro-2 (another copy)/source/wrapper.sv Line: 6
    Warning (13040): bidirectional pin "GPIO[0]" has no driver File: /home/shay/a/du347/CALC-Intro-2 (another copy)/source/wrapper.sv Line: 6
    Warning (13040): bidirectional pin "GPIO[1]" has no driver File: /home/shay/a/du347/CALC-Intro-2 (another copy)/source/wrapper.sv Line: 6
    Warning (13040): bidirectional pin "GPIO[2]" has no driver File: /home/shay/a/du347/CALC-Intro-2 (another copy)/source/wrapper.sv Line: 6
    Warning (13040): bidirectional pin "GPIO[3]" has no driver File: /home/shay/a/du347/CALC-Intro-2 (another copy)/source/wrapper.sv Line: 6
    Warning (13040): bidirectional pin "GPIO[4]" has no driver File: /home/shay/a/du347/CALC-Intro-2 (another copy)/source/wrapper.sv Line: 6
    Warning (13040): bidirectional pin "GPIO[5]" has no driver File: /home/shay/a/du347/CALC-Intro-2 (another copy)/source/wrapper.sv Line: 6
    Warning (13040): bidirectional pin "GPIO[6]" has no driver File: /home/shay/a/du347/CALC-Intro-2 (another copy)/source/wrapper.sv Line: 6
    Warning (13040): bidirectional pin "GPIO[7]" has no driver File: /home/shay/a/du347/CALC-Intro-2 (another copy)/source/wrapper.sv Line: 6
    Warning (13040): bidirectional pin "GPIO[8]" has no driver File: /home/shay/a/du347/CALC-Intro-2 (another copy)/source/wrapper.sv Line: 6
    Warning (13040): bidirectional pin "GPIO[9]" has no driver File: /home/shay/a/du347/CALC-Intro-2 (another copy)/source/wrapper.sv Line: 6
    Warning (13040): bidirectional pin "GPIO[10]" has no driver File: /home/shay/a/du347/CALC-Intro-2 (another copy)/source/wrapper.sv Line: 6
    Warning (13040): bidirectional pin "GPIO[12]" has no driver File: /home/shay/a/du347/CALC-Intro-2 (another copy)/source/wrapper.sv Line: 6
    Warning (13040): bidirectional pin "GPIO[14]" has no driver File: /home/shay/a/du347/CALC-Intro-2 (another copy)/source/wrapper.sv Line: 6
    Warning (13040): bidirectional pin "GPIO[16]" has no driver File: /home/shay/a/du347/CALC-Intro-2 (another copy)/source/wrapper.sv Line: 6
    Warning (13040): bidirectional pin "GPIO[18]" has no driver File: /home/shay/a/du347/CALC-Intro-2 (another copy)/source/wrapper.sv Line: 6
    Warning (13040): bidirectional pin "GPIO[20]" has no driver File: /home/shay/a/du347/CALC-Intro-2 (another copy)/source/wrapper.sv Line: 6
    Warning (13040): bidirectional pin "GPIO[22]" has no driver File: /home/shay/a/du347/CALC-Intro-2 (another copy)/source/wrapper.sv Line: 6
    Warning (13040): bidirectional pin "GPIO[24]" has no driver File: /home/shay/a/du347/CALC-Intro-2 (another copy)/source/wrapper.sv Line: 6
    Warning (13040): bidirectional pin "GPIO[26]" has no driver File: /home/shay/a/du347/CALC-Intro-2 (another copy)/source/wrapper.sv Line: 6
    Warning (13040): bidirectional pin "GPIO[27]" has no driver File: /home/shay/a/du347/CALC-Intro-2 (another copy)/source/wrapper.sv Line: 6
    Warning (13040): bidirectional pin "GPIO[28]" has no driver File: /home/shay/a/du347/CALC-Intro-2 (another copy)/source/wrapper.sv Line: 6
    Warning (13040): bidirectional pin "GPIO[29]" has no driver File: /home/shay/a/du347/CALC-Intro-2 (another copy)/source/wrapper.sv Line: 6
    Warning (13040): bidirectional pin "GPIO[30]" has no driver File: /home/shay/a/du347/CALC-Intro-2 (another copy)/source/wrapper.sv Line: 6
    Warning (13040): bidirectional pin "GPIO[31]" has no driver File: /home/shay/a/du347/CALC-Intro-2 (another copy)/source/wrapper.sv Line: 6
    Warning (13040): bidirectional pin "GPIO[32]" has no driver File: /home/shay/a/du347/CALC-Intro-2 (another copy)/source/wrapper.sv Line: 6
    Warning (13040): bidirectional pin "GPIO[33]" has no driver File: /home/shay/a/du347/CALC-Intro-2 (another copy)/source/wrapper.sv Line: 6
    Warning (13040): bidirectional pin "GPIO[34]" has no driver File: /home/shay/a/du347/CALC-Intro-2 (another copy)/source/wrapper.sv Line: 6
Info (13000): Registers with preset signals will power-up high File: /home/shay/a/du347/CALC-Intro-2 (another copy)/source/input_control.sv Line: 76
Info (13003): DEV_CLRn pin will set, and not reset, register with preset signal due to NOT Gate Push-Back
Warning (13009): TRI or OPNDRN buffers permanently enabled
    Warning (13010): Node "GPIO[11]~synth" File: /home/shay/a/du347/CALC-Intro-2 (another copy)/source/wrapper.sv Line: 6
    Warning (13010): Node "GPIO[13]~synth" File: /home/shay/a/du347/CALC-Intro-2 (another copy)/source/wrapper.sv Line: 6
    Warning (13010): Node "GPIO[15]~synth" File: /home/shay/a/du347/CALC-Intro-2 (another copy)/source/wrapper.sv Line: 6
    Warning (13010): Node "GPIO[17]~synth" File: /home/shay/a/du347/CALC-Intro-2 (another copy)/source/wrapper.sv Line: 6
Warning (13024): Output pins are stuck at VCC or GND
    Warning (13410): Pin "LEDR[16]" is stuck at GND File: /home/shay/a/du347/CALC-Intro-2 (another copy)/source/wrapper.sv Line: 7
    Warning (13410): Pin "LEDR[17]" is stuck at GND File: /home/shay/a/du347/CALC-Intro-2 (another copy)/source/wrapper.sv Line: 7
    Warning (13410): Pin "LEDG[1]" is stuck at GND File: /home/shay/a/du347/CALC-Intro-2 (another copy)/source/wrapper.sv Line: 9
    Warning (13410): Pin "LEDG[2]" is stuck at GND File: /home/shay/a/du347/CALC-Intro-2 (another copy)/source/wrapper.sv Line: 9
    Warning (13410): Pin "LEDG[3]" is stuck at GND File: /home/shay/a/du347/CALC-Intro-2 (another copy)/source/wrapper.sv Line: 9
Info (286030): Timing-Driven Synthesis is running
Info (17049): 45 registers lost all their fanouts during netlist optimizations.
Info (16010): Generating hard_block partition "hard_block:auto_generated_inst"
    Info (16011): Adding 0 node(s), including 0 DDIO, 0 PLL, 0 transceiver and 0 LCELL
Warning (21074): Design contains 21 input pin(s) that do not drive logic
    Warning (15610): No output dependent on input pin "KEY[0]" File: /home/shay/a/du347/CALC-Intro-2 (another copy)/source/wrapper.sv Line: 4
    Warning (15610): No output dependent on input pin "KEY[1]" File: /home/shay/a/du347/CALC-Intro-2 (another copy)/source/wrapper.sv Line: 4
    Warning (15610): No output dependent on input pin "KEY[2]" File: /home/shay/a/du347/CALC-Intro-2 (another copy)/source/wrapper.sv Line: 4
    Warning (15610): No output dependent on input pin "SW[0]" File: /home/shay/a/du347/CALC-Intro-2 (another copy)/source/wrapper.sv Line: 5
    Warning (15610): No output dependent on input pin "SW[1]" File: /home/shay/a/du347/CALC-Intro-2 (another copy)/source/wrapper.sv Line: 5
    Warning (15610): No output dependent on input pin "SW[2]" File: /home/shay/a/du347/CALC-Intro-2 (another copy)/source/wrapper.sv Line: 5
    Warning (15610): No output dependent on input pin "SW[3]" File: /home/shay/a/du347/CALC-Intro-2 (another copy)/source/wrapper.sv Line: 5
    Warning (15610): No output dependent on input pin "SW[4]" File: /home/shay/a/du347/CALC-Intro-2 (another copy)/source/wrapper.sv Line: 5
    Warning (15610): No output dependent on input pin "SW[5]" File: /home/shay/a/du347/CALC-Intro-2 (another copy)/source/wrapper.sv Line: 5
    Warning (15610): No output dependent on input pin "SW[6]" File: /home/shay/a/du347/CALC-Intro-2 (another copy)/source/wrapper.sv Line: 5
    Warning (15610): No output dependent on input pin "SW[7]" File: /home/shay/a/du347/CALC-Intro-2 (another copy)/source/wrapper.sv Line: 5
    Warning (15610): No output dependent on input pin "SW[8]" File: /home/shay/a/du347/CALC-Intro-2 (another copy)/source/wrapper.sv Line: 5
    Warning (15610): No output dependent on input pin "SW[9]" File: /home/shay/a/du347/CALC-Intro-2 (another copy)/source/wrapper.sv Line: 5
    Warning (15610): No output dependent on input pin "SW[10]" File: /home/shay/a/du347/CALC-Intro-2 (another copy)/source/wrapper.sv Line: 5
    Warning (15610): No output dependent on input pin "SW[11]" File: /home/shay/a/du347/CALC-Intro-2 (another copy)/source/wrapper.sv Line: 5
    Warning (15610): No output dependent on input pin "SW[12]" File: /home/shay/a/du347/CALC-Intro-2 (another copy)/source/wrapper.sv Line: 5
    Warning (15610): No output dependent on input pin "SW[13]" File: /home/shay/a/du347/CALC-Intro-2 (another copy)/source/wrapper.sv Line: 5
    Warning (15610): No output dependent on input pin "SW[14]" File: /home/shay/a/du347/CALC-Intro-2 (another copy)/source/wrapper.sv Line: 5
    Warning (15610): No output dependent on input pin "SW[15]" File: /home/shay/a/du347/CALC-Intro-2 (another copy)/source/wrapper.sv Line: 5
    Warning (15610): No output dependent on input pin "SW[16]" File: /home/shay/a/du347/CALC-Intro-2 (another copy)/source/wrapper.sv Line: 5
    Warning (15610): No output dependent on input pin "SW[17]" File: /home/shay/a/du347/CALC-Intro-2 (another copy)/source/wrapper.sv Line: 5
Info (21057): Implemented 354 device resources after synthesis - the final resource count might be different
    Info (21058): Implemented 23 input pins
    Info (21059): Implemented 26 output pins
    Info (21060): Implemented 35 bidirectional pins
    Info (21061): Implemented 270 logic cells
Info: Quartus Prime Analysis & Synthesis was successful. 0 errors, 79 warnings
    Info: Peak virtual memory: 438 megabytes
    Info: Processing ended: Mon May  5 17:48:20 2025
    Info: Elapsed time: 00:00:07
    Info: Total CPU time (on all processors): 00:00:13


